<?xml version="1.0" encoding="UTF-8"?>
<!-- Generated by org.testng.reporters.JUnitReportReporter -->
<testsuite skipped="0" hostname="ganesh-PC" name="selenium.Second" tests="3" failures="0" timestamp="03 May 2019 08:08:56 GMT" time="0.047" errors="0">
  <testcase name="five" time="0.039" classname="selenium.Second"/>
  <testcase name="four" time="0.004" classname="selenium.Second"/>
  <testcase name="six" time="0.004" classname="selenium.Second"/>
</testsuite> <!-- selenium.Second -->
