<?xml version="1.0" encoding="UTF-8"?>
<!-- Generated by org.testng.reporters.JUnitReportReporter -->
<testsuite skipped="0" hostname="ganesh-PC" name="selenium.First" tests="3" failures="0" timestamp="03 May 2019 08:10:27 GMT" time="0.000" errors="0">
  <testcase name="two" time="0.000" classname="selenium.First"/>
  <testcase name="one" time="0.000" classname="selenium.First"/>
  <testcase name="three" time="0.000" classname="selenium.First"/>
</testsuite> <!-- selenium.First -->
