<?xml version="1.0" encoding="UTF-8"?>
<!-- Generated by org.testng.reporters.JUnitReportReporter -->
<testsuite skipped="0" hostname="ganesh-PC" name="selenium.Second" tests="3" failures="0" timestamp="03 May 2019 08:10:27 GMT" time="0.008" errors="0">
  <testcase name="four" time="0.001" classname="selenium.Second"/>
  <testcase name="six" time="0.000" classname="selenium.Second"/>
  <testcase name="five" time="0.007" classname="selenium.Second"/>
</testsuite> <!-- selenium.Second -->
